PLINK v1.90b6.21 64-bit (19 Oct 2020)
Options in effect:
  --bfile /hpc/dhl_ec/data/references/1000G/Phase1/PLINK/1000Gp1v3.20101123.EUR
  --clump /hpc/dhl_ec/data/_gwas_datasets/_SiGN/sumstats_AAO/21.04.13.xx.eur.groupcov.stats
  --clump-best
  --clump-field P_BOLT_LMM_INF
  --clump-kb 1000
  --clump-p1 1e-5
  --clump-p2 0.05
  --clump-r2 0.05
  --clump-verbose
  --out AAO/OUTPUT/21.04.13.xx.eur.groupcov.stats

Hostname: hpcs04.op.umcutrecht.nl
Working directory: /hpc/dhl_ec/svanderlaan/projects/sign/AAO_IschemicStroke
Start time: Tue Apr 12 20:19:39 2022

Random number seed: 1649787579
128673 MB RAM detected; reserving 64336 MB for main workspace.
Allocated 8586 MB successfully, after larger attempt(s) failed.
38248779 variants loaded from .bim file.
379 people (178 males, 201 females) loaded from .fam.
Using 1 thread (no multithreaded calculations invoked).
Before main variant filters, 379 founders and 0 nonfounders present.
Calculating allele frequencies... done.
Warning: 687266 het. haploid genotypes present (see
AAO/OUTPUT/21.04.13.xx.eur.groupcov.stats.hh ); many commands treat these as
missing.
38248779 variants and 379 people pass filters and QC.
Note: No phenotypes present.
6 top variant IDs missing; see the end of the .clumped file.
--clump: 37 clumps formed from 37 top variants.
Results written to AAO/OUTPUT/21.04.13.xx.eur.groupcov.stats.clumped .
--clump-best: Best proxies written to
AAO/OUTPUT/21.04.13.xx.eur.groupcov.stats.clumped.best .

End time: Tue Apr 12 20:20:55 2022
